<?xml version="1.0" encoding="UTF-8"?>
<!-- Generated by org.testng.reporters.JUnitXMLReporter -->
<testsuite hostname="DESKTOP-AVRBRCH" name="Default test" tests="3" failures="0" timestamp="24 Sep 2018 00:54:31 GMT" time="5.209" errors="0">
  <testcase name="getUsers" time="3.041" classname="com.qa.test.TestApiScenario1"/>
  <testcase name="getSpecificUser" time="0.951" classname="com.qa.test.TestApiScenario1"/>
  <testcase name="postSpecificUser" time="0.492" classname="com.qa.test.TestApiScenario1"/>
</testsuite> <!-- Default test -->
