<?xml version="1.0" encoding="UTF-8"?>
<testng-results skipped="0" failed="0" total="3" passed="3">
  <reporter-output>
  </reporter-output>
  <suite name="Rest assured test APIs" duration-ms="14094" started-at="2018-09-24T01:12:10Z" finished-at="2018-09-24T01:12:24Z">
    <groups>
      <group name="Basic Tests">
        <method signature="TestApiScenario1.getSpecificUser()[pri:0, instance:com.qa.test.TestApiScenario1@343f4d3d]" name="getSpecificUser" class="com.qa.test.TestApiScenario1"/>
        <method signature="TestApiScenario1.getUsers(java.lang.String, java.lang.String, java.lang.String)[pri:0, instance:com.qa.test.TestApiScenario1@343f4d3d]" name="getUsers" class="com.qa.test.TestApiScenario1"/>
        <method signature="TestApiScenario1.postSpecificUser()[pri:0, instance:com.qa.test.TestApiScenario1@343f4d3d]" name="postSpecificUser" class="com.qa.test.TestApiScenario1"/>
      </group> <!-- Basic Tests -->
    </groups>
    <test name="Rest assured test APIs" duration-ms="14094" started-at="2018-09-24T01:12:10Z" finished-at="2018-09-24T01:12:24Z">
      <class name="com.qa.test.TestApiScenario1">
        <test-method status="PASS" signature="getUsers(java.lang.String, java.lang.String, java.lang.String)[pri:0, instance:com.qa.test.TestApiScenario1@343f4d3d]" name="getUsers" duration-ms="11389" started-at="2018-09-23T21:12:11Z" data-provider="getdata" finished-at="2018-09-23T21:12:22Z">
          <params>
            <param index="0">
              <value>
                <![CDATA[1.0]]>
              </value>
            </param>
            <param index="1">
              <value>
                <![CDATA[yes]]>
              </value>
            </param>
            <param index="2">
              <value>
                <![CDATA[message]]>
              </value>
            </param>
          </params>
          <reporter-output>
          </reporter-output>
        </test-method> <!-- getUsers -->
        <test-method status="PASS" signature="getSpecificUser()[pri:0, instance:com.qa.test.TestApiScenario1@343f4d3d]" name="getSpecificUser" duration-ms="1404" started-at="2018-09-23T21:12:22Z" finished-at="2018-09-23T21:12:24Z">
          <reporter-output>
          </reporter-output>
        </test-method> <!-- getSpecificUser -->
        <test-method status="PASS" signature="postSpecificUser()[pri:0, instance:com.qa.test.TestApiScenario1@343f4d3d]" name="postSpecificUser" duration-ms="580" started-at="2018-09-23T21:12:24Z" finished-at="2018-09-23T21:12:24Z">
          <reporter-output>
          </reporter-output>
        </test-method> <!-- postSpecificUser -->
      </class> <!-- com.qa.test.TestApiScenario1 -->
      <class name="com.qa.configurations.RestAssuredConfiguration">
        <test-method status="PASS" signature="Configuration()[pri:0, instance:com.qa.configurations.RestAssuredConfiguration@13deb50e]" name="Configuration" is-config="true" duration-ms="429" started-at="2018-09-23T21:12:10Z" finished-at="2018-09-23T21:12:10Z">
          <reporter-output>
          </reporter-output>
        </test-method> <!-- Configuration -->
      </class> <!-- com.qa.configurations.RestAssuredConfiguration -->
    </test> <!-- Rest assured test APIs -->
  </suite> <!-- Rest assured test APIs -->
</testng-results>
