<?xml version="1.0" encoding="UTF-8"?>
<!-- Generated by org.testng.reporters.JUnitXMLReporter -->
<testsuite hostname="DESKTOP-AVRBRCH" name="Rest assured test APIs" tests="3" failures="0" timestamp="24 Sep 2018 01:12:24 GMT" time="14.094" errors="0">
  <testcase name="getUsers" time="11.389" classname="com.qa.test.TestApiScenario1"/>
  <testcase name="getSpecificUser" time="1.404" classname="com.qa.test.TestApiScenario1"/>
  <testcase name="postSpecificUser" time="0.58" classname="com.qa.test.TestApiScenario1"/>
</testsuite> <!-- Rest assured test APIs -->
