<?xml version="1.0" encoding="UTF-8"?>
<!-- Generated by org.testng.reporters.JUnitXMLReporter -->
<testsuite hostname="DESKTOP-AVRBRCH" name="Rest assured test APIs" tests="5" failures="0" timestamp="25 Sep 2018 01:36:21 GMT" time="5.412" errors="0">
  <testcase name="getUsers" time="2.319" classname="com.qa.test.TestApiScenario1"/>
  <testcase name="getSpecificUser" time="0.838" classname="com.qa.test.TestApiScenario1"/>
  <testcase name="postSpecificUser" time="0.671" classname="com.qa.test.TestApiScenario1"/>
  <testcase name="modifySpecicUser" time="0.441" classname="com.qa.test.TestApiScenario1"/>
  <testcase name="deleteSpecicUser" time="0.418" classname="com.qa.test.TestApiScenario1"/>
</testsuite> <!-- Rest assured test APIs -->
